<?xml version="1.0" encoding="UTF-8"?>
<!-- Generated by org.testng.reporters.JUnitReportReporter -->
<testsuite hostname="LAPTOP-S39KFG9R" failures="0" tests="1" name="com.demo.tests.DemoTest" time="0.007" errors="0" timestamp="2023-04-15T11:18:35 CST" skipped="0">
  <testcase classname="com.demo.tests.DemoTest" name="f" time="0.007"/>
  <system-out/>
</testsuite> <!-- com.demo.tests.DemoTest -->
