<?xml version="1.0" encoding="UTF-8"?>
<!-- Generated by org.testng.reporters.JUnitReportReporter -->
<testsuite hostname="LAPTOP-S39KFG9R" failures="0" tests="2" name="com.demo.tests.LoginTest" time="19.164" errors="0" timestamp="2023-04-15T12:33:27 CST" skipped="0">
  <testcase classname="com.demo.tests.LoginTest" name="verifyLogoImgTest" time="8.436"/>
  <system-out/>
  <testcase classname="com.demo.tests.LoginTest" name="verifyLoginTest" time="10.728"/>
  <system-out/>
</testsuite> <!-- com.demo.tests.LoginTest -->
